[14-Mar-2025 21:00:17 UTC] PHP Fatal error:  Out of memory (allocated 33554432) (tried to allocate 2097152 bytes) in /workspaces/lab6/.wordpress/wp-content/plugins/ecommerce-product-catalog/modules/price/price-settings.php on line 12
[14-Mar-2025 21:00:19 UTC] PHP Fatal error:  Out of memory (allocated 31457280) (tried to allocate 2097152 bytes) in /workspaces/lab6/.wordpress/wp-content/plugins/ecommerce-product-catalog/modules/price/price-settings.php on line 12
[14-Mar-2025 21:00:19 UTC] PHP Fatal error:  Out of memory (allocated 29360128) (tried to allocate 2097152 bytes) in /workspaces/lab6/.wordpress/wp-content/plugins/ecommerce-product-catalog/functions/functions.php on line 1805
[14-Mar-2025 21:00:19 UTC] PHP Fatal error:  Out of memory (allocated 29360128) (tried to allocate 32768 bytes) in /workspaces/lab6/.wordpress/wp-admin/includes/plugin.php on line 1077
[14-Mar-2025 21:00:19 UTC] PHP Fatal error:  Out of memory (allocated 29360128) (tried to allocate 2097152 bytes) in /workspaces/lab6/.wordpress/wp-content/plugins/ecommerce-product-catalog/modules/price/price-meta.php on line 31
[14-Mar-2025 21:00:26 UTC] PHP Fatal error:  Out of memory (allocated 29360128) (tried to allocate 2097152 bytes) in /workspaces/lab6/.wordpress/wp-content/plugins/ecommerce-product-catalog/ext-comp/index.php on line 71
[14-Mar-2025 21:00:37 UTC] PHP Fatal error:  Out of memory (allocated 29360128) (tried to allocate 2097152 bytes) in /workspaces/lab6/.wordpress/wp-content/plugins/ecommerce-product-catalog/ext-comp/index.php on line 67
[14-Mar-2025 21:01:56 UTC] PHP Fatal error:  Out of memory (allocated 29360128) (tried to allocate 2097152 bytes) in /workspaces/lab6/.wordpress/wp-content/plugins/ecommerce-product-catalog/ext-comp/index.php on line 67
[14-Mar-2025 21:02:00 UTC] PHP Fatal error:  Out of memory (allocated 29360128) (tried to allocate 2097152 bytes) in /workspaces/lab6/.wordpress/wp-content/plugins/ecommerce-product-catalog/ext-comp/index.php on line 50
[21-Mar-2025 14:49:47 UTC] PHP Warning:  Undefined variable $parent_theme_name in /workspaces/Assignment2/.wordpress/wp-content/mu-plugins/one-click-child-theme/templates/create_child_form.php on line 18
[21-Mar-2025 14:52:08 UTC] PHP Parse error:  syntax error, unexpected string content ");", expecting ")" in /workspaces/Assignment2/.wordpress/wp-content/themes/chatbot/functions.php on line 14
[21-Mar-2025 14:52:08 UTC] PHP Warning:  Trying to access array offset on value of type bool in /workspaces/Assignment2/.wordpress/wp-includes/class-wp-recovery-mode-email-service.php on line 367
[21-Mar-2025 14:52:08 UTC] PHP Warning:  Trying to access array offset on value of type bool in /workspaces/Assignment2/.wordpress/wp-includes/class-wp-recovery-mode-email-service.php on line 368
[21-Mar-2025 14:52:08 UTC] PHP Fatal error:  Uncaught Error: Call to undefined function ic_string_contains() in /workspaces/Assignment2/.wordpress/wp-content/plugins/ecommerce-product-catalog/includes/tracking.php:454
Stack trace:
#0 /workspaces/Assignment2/.wordpress/wp-includes/class-wp-hook.php(324): IC_EPC_Tracking->paused_plugin_report_email(Array, 'http://localhos...')
#1 /workspaces/Assignment2/.wordpress/wp-includes/plugin.php(205): WP_Hook->apply_filters(Array, Array)
#2 /workspaces/Assignment2/.wordpress/wp-includes/class-wp-recovery-mode-email-service.php(223): apply_filters('recovery_mode_e...', Array, 'http://localhos...')
#3 /workspaces/Assignment2/.wordpress/wp-includes/class-wp-recovery-mode-email-service.php(62): WP_Recovery_Mode_Email_Service->send_recovery_mode_email(86400, Array, Array)
#4 /workspaces/Assignment2/.wordpress/wp-includes/class-wp-recovery-mode.php(185): WP_Recovery_Mode_Email_Service->maybe_send_recovery_mode_email(86400, Array, Array)
#5 /workspaces/Assignment2/.wordpress/wp-includes/class-wp-fatal-error-handler.php(55): WP_Recovery_Mode->handle_error(Array)
#6 [internal function]: WP_Fatal_Error_Handler->handle()
#7 {main}
  thrown in /workspaces/Assignment2/.wordpress/wp-content/plugins/ecommerce-product-catalog/includes/tracking.php on line 454
